<?xml version="1.0" encoding="UTF-8"?>
<!-- Generated by org.testng.reporters.JUnitReportReporter -->
<testsuite hostname="Dalya" failures="0" tests="1" name="JavaClassPackage.JavaClass" time="0.005" errors="0" timestamp="2024-03-05T06:57:41 EET" skipped="0">
  <testcase classname="JavaClassPackage.JavaClass" name="MyTest" time="0.005"/>
  <system-out/>
</testsuite> <!-- JavaClassPackage.JavaClass -->
